<?xml version="1.0" encoding="UTF-8"?>
<testng-results skipped="0" failed="0" ignored="0" total="1" passed="1">
  <reporter-output>
  </reporter-output>
  <suite name="Default suite" duration-ms="3126" started-at="2022-02-04T02:19:02Z" finished-at="2022-02-04T02:19:05Z">
    <groups>
    </groups>
    <test name="Default test" duration-ms="3126" started-at="2022-02-04T02:19:02Z" finished-at="2022-02-04T02:19:05Z">
      <class name="testcases.ReadAProduct">
        <test-method status="PASS" signature="readAProduct()[pri:0, instance:testcases.ReadAProduct@78aab498]" name="readAProduct" duration-ms="3090" started-at="2022-02-04T02:19:02Z" finished-at="2022-02-04T02:19:05Z">
          <reporter-output>
          </reporter-output>
        </test-method> <!-- readAProduct -->
      </class> <!-- testcases.ReadAProduct -->
    </test> <!-- Default test -->
  </suite> <!-- Default suite -->
</testng-results>
